<?xml version="1.0" encoding="UTF-8"?>
<!-- Generated by org.testng.reporters.JUnitReportReporter -->
<testsuite hostname="DESKTOP-VSB1CNF" failures="0" tests="1" name="com.npntraining.pageobjects.loginpage.LoginPageTest" time="0.016" errors="0" timestamp="07 Aug 2019 13:39:04 GMT" skipped="0">
  <testcase classname="com.npntraining.pageobjects.loginpage.LoginPageTest" name="checkHome" time="0.016"/>
</testsuite> <!-- com.npntraining.pageobjects.loginpage.LoginPageTest -->
